
> frontend@0.1.1 dev
> next dev -H 0.0.0.0

▲ Next.js 16.2.0 (Turbopack)
- Local:         http://localhost:3000
- Network:       http://0.0.0.0:3000
- Environments: .env.local
✓ Ready in 158ms

 GET /play/bughouse/test-bughouse?role=w0 200 in 271ms (next.js: 176ms, application-code: 94ms)
 GET /play/bughouse/sync-test?role=w0 200 in 54ms (next.js: 3ms, application-code: 51ms)
 GET /play/bughouse/sync-test?role=b1 200 in 56ms (next.js: 13ms, application-code: 43ms)
 GET /play/bughouse/final-sync-test?role=b1 200 in 53ms (next.js: 9ms, application-code: 44ms)
 GET /play/bughouse/final-sync-test?role=w0 200 in 54ms (next.js: 2ms, application-code: 52ms)
 GET /play/bughouse/bank-test?role=w0 200 in 75ms (next.js: 1927µs, application-code: 73ms)
 GET /play/bughouse/bank-test?role=b1 200 in 75ms (next.js: 8ms, application-code: 67ms)
 GET /play/bughouse/bank-test?role=b0 200 in 93ms (next.js: 27ms, application-code: 66ms)
 GET /play/bughouse/bank-test-1774406118244?role=w0 200 in 63ms (next.js: 3ms, application-code: 60ms)
 GET /play/bughouse/bank-test-1774406118244?role=b0 200 in 63ms (next.js: 17ms, application-code: 46ms)
 GET /play/bughouse/bank-test-1774406118244?role=b1 200 in 63ms (next.js: 24ms, application-code: 39ms)
 GET /play/bughouse/bank-test-1774406161059?role=w0 200 in 66ms (next.js: 3ms, application-code: 63ms)
 GET /play/bughouse/bank-test-1774406161059?role=b0 200 in 67ms (next.js: 18ms, application-code: 49ms)
 GET /play/bughouse/bank-test-1774406161059?role=b1 200 in 52ms (next.js: 14ms, application-code: 37ms)
 GET /play/bughouse/interact-test-1774406333064?role=w0 200 in 64ms (next.js: 2ms, application-code: 62ms)
 GET /play/bughouse/interact-test-1774406333064?role=b0 200 in 64ms (next.js: 9ms, application-code: 55ms)
 GET /play/bughouse/interact-test-1774406333064?role=b1 200 in 39ms (next.js: 1785µs, application-code: 37ms)
 GET /play/bughouse/drop-test-1774406419928?role=w0 200 in 45ms (next.js: 1650µs, application-code: 43ms)
 GET /play/bughouse/drop-test-1774406419928?role=b1 200 in 46ms (next.js: 9ms, application-code: 36ms)
 GET /play/bughouse/drop-test-1774406419928?role=b0 200 in 22ms (next.js: 2ms, application-code: 20ms)
 GET /play/bughouse/drop-test-1774406480157?role=w0 200 in 60ms (next.js: 1831µs, application-code: 58ms)
 GET /play/bughouse/drop-test-1774406480157?role=b1 200 in 60ms (next.js: 9ms, application-code: 51ms)
 GET /play/bughouse/drop-test-1774406480157?role=b0 200 in 61ms (next.js: 30ms, application-code: 31ms)
 GET /play/bughouse/drop-test-full-1774406541365?role=b0 200 in 73ms (next.js: 9ms, application-code: 64ms)
 GET /play/bughouse/drop-test-full-1774406541365?role=w0 200 in 74ms (next.js: 2ms, application-code: 72ms)
 GET /play/bughouse/drop-test-full-1774406541365?role=b1 200 in 46ms (next.js: 12ms, application-code: 34ms)
 GET /play/bughouse/drop-test-full-1774406541365?role=w1 200 in 46ms (next.js: 6ms, application-code: 41ms)
⨯ ./apps/frontend/src/app/play/bughouse/[id]/BughouseArena.tsx:228:16
Unexpected token. Did you mean `{'>'}` or `&gt;`?
  [90m226 |[0m             </div>
  [90m227 |[0m         </div>
[31m[1m>[0m [90m228 |[0m       </div>div>
  [90m    |[0m                [31m[1m^[0m
  [90m229 |[0m
  [90m230 |[0m       {[90m/* Logs */[0m}
  [90m231 |[0m       <div className=[32m"mt-8 bg-black/40 bor...[0m

Parsing ecmascript source code failed

Import traces:
  Client Component Browser:
    ./apps/frontend/src/app/play/bughouse/[id]/BughouseArena.tsx [Client Component Browser]
    ./apps/frontend/src/app/play/bughouse/[id]/page.tsx [Client Component Browser]
    ./apps/frontend/src/app/play/bughouse/[id]/page.tsx [Server Component]

  Client Component SSR:
    ./apps/frontend/src/app/play/bughouse/[id]/BughouseArena.tsx [Client Component SSR]
    ./apps/frontend/src/app/play/bughouse/[id]/page.tsx [Client Component SSR]
    ./apps/frontend/src/app/play/bughouse/[id]/page.tsx [Server Component]


 GET /play/bughouse/test-bughouse?role=w0 500 in 106ms (next.js: 56ms, application-code: 50ms)
⨯ ./apps/frontend/src/app/play/bughouse/[id]/BughouseArena.tsx:228:16
Unexpected token. Did you mean `{'>'}` or `&gt;`?
  [90m226 |[0m             </div>
  [90m227 |[0m         </div>
[31m[1m>[0m [90m228 |[0m       </div>div>
  [90m    |[0m                [31m[1m^[0m
  [90m229 |[0m
  [90m230 |[0m       {[90m/* Logs */[0m}
  [90m231 |[0m       <div className=[32m"mt-8 bg-black/40 bor...[0m

Parsing ecmascript source code failed

Import traces:
  Client Component Browser:
    ./apps/frontend/src/app/play/bughouse/[id]/BughouseArena.tsx [Client Component Browser]
    ./apps/frontend/src/app/play/bughouse/[id]/page.tsx [Client Component Browser]
    ./apps/frontend/src/app/play/bughouse/[id]/page.tsx [Server Component]

  Client Component SSR:
    ./apps/frontend/src/app/play/bughouse/[id]/BughouseArena.tsx [Client Component SSR]
    ./apps/frontend/src/app/play/bughouse/[id]/page.tsx [Client Component SSR]
    ./apps/frontend/src/app/play/bughouse/[id]/page.tsx [Server Component]


 GET /play/bughouse/test-bughouse?role=w0 500 in 5ms (next.js: 1808µs, application-code: 3ms)
⨯ ./apps/frontend/src/app/play/bughouse/[id]/BughouseArena.tsx:228:16
Unexpected token. Did you mean `{'>'}` or `&gt;`?
  [90m226 |[0m             </div>
  [90m227 |[0m         </div>
[31m[1m>[0m [90m228 |[0m       </div>div>
  [90m    |[0m                [31m[1m^[0m
  [90m229 |[0m
  [90m230 |[0m       {[90m/* Logs */[0m}
  [90m231 |[0m       <div className=[32m"mt-8 bg-black/40 bor...[0m

Parsing ecmascript source code failed

Import traces:
  Client Component Browser:
    ./apps/frontend/src/app/play/bughouse/[id]/BughouseArena.tsx [Client Component Browser]
    ./apps/frontend/src/app/play/bughouse/[id]/page.tsx [Client Component Browser]
    ./apps/frontend/src/app/play/bughouse/[id]/page.tsx [Server Component]

  Client Component SSR:
    ./apps/frontend/src/app/play/bughouse/[id]/BughouseArena.tsx [Client Component SSR]
    ./apps/frontend/src/app/play/bughouse/[id]/page.tsx [Client Component SSR]
    ./apps/frontend/src/app/play/bughouse/[id]/page.tsx [Server Component]


 GET /play/bughouse/test-bughouse?role=w0 500 in 5ms (next.js: 1413µs, application-code: 3ms)
⨯ ./apps/frontend/src/app/play/bughouse/[id]/BughouseArena.tsx:228:16
Unexpected token. Did you mean `{'>'}` or `&gt;`?
  [90m226 |[0m             </div>
  [90m227 |[0m         </div>
[31m[1m>[0m [90m228 |[0m       </div>div>
  [90m    |[0m                [31m[1m^[0m
  [90m229 |[0m
  [90m230 |[0m       {[90m/* Logs */[0m}
  [90m231 |[0m       <div className=[32m"mt-8 bg-black/40 bor...[0m

Parsing ecmascript source code failed

Import traces:
  Client Component Browser:
    ./apps/frontend/src/app/play/bughouse/[id]/BughouseArena.tsx [Client Component Browser]
    ./apps/frontend/src/app/play/bughouse/[id]/page.tsx [Client Component Browser]
    ./apps/frontend/src/app/play/bughouse/[id]/page.tsx [Server Component]

  Client Component SSR:
    ./apps/frontend/src/app/play/bughouse/[id]/BughouseArena.tsx [Client Component SSR]
    ./apps/frontend/src/app/play/bughouse/[id]/page.tsx [Client Component SSR]
    ./apps/frontend/src/app/play/bughouse/[id]/page.tsx [Server Component]


 GET /play/bughouse/test-bughouse?role=w0 500 in 7ms (next.js: 3ms, application-code: 3ms)
[browser] Uncaught Error: ./apps/frontend/src/app/play/bughouse/[id]/BughouseArena.tsx:228:16
Unexpected token. Did you mean `{'>'}` or `&gt;`?
  226 |             </div>
  227 |         </div>
> 228 |       </div>div>
      |                ^
  229 |
  230 |       {/* Logs */}
  231 |       <div className="mt-8 bg-black/40 bor...

Parsing ecmascript source code failed

Import traces:
  Client Component Browser:
    ./apps/frontend/src/app/play/bughouse/[id]/BughouseArena.tsx [Client Component Browser]
    ./apps/frontend/src/app/play/bughouse/[id]/page.tsx [Client Component Browser]
    ./apps/frontend/src/app/play/bughouse/[id]/page.tsx [Server Component]

  Client Component SSR:
    ./apps/frontend/src/app/play/bughouse/[id]/BughouseArena.tsx [Client Component SSR]
    ./apps/frontend/src/app/play/bughouse/[id]/page.tsx [Client Component SSR]
    ./apps/frontend/src/app/play/bughouse/[id]/page.tsx [Server Component]


    at <unknown> (Error: ./apps/frontend/src/app/play/bughouse/[id]/BughouseArena.tsx:228:16)
    at <unknown> (Error: (./apps/frontend/src/app/play/bughouse/[id]/BughouseArena.tsx:228:16)
 GET /play/bughouse/test-bughouse?role=w0 200 in 103ms (next.js: 28ms, application-code: 75ms)
 GET /play/bughouse/test-bughouse?role=w0 200 in 15ms (next.js: 741µs, application-code: 14ms)
 GET /play/bughouse/drop-test-full-1774406630756?role=b0 200 in 77ms (next.js: 9ms, application-code: 68ms)
 GET /play/bughouse/drop-test-full-1774406630756?role=w0 200 in 78ms (next.js: 2ms, application-code: 76ms)
 GET /play/bughouse/drop-test-full-1774406630756?role=w1 200 in 78ms (next.js: 27ms, application-code: 52ms)
 GET /play/bughouse/drop-test-full-1774406630756?role=b1 200 in 53ms (next.js: 14ms, application-code: 39ms)
 GET /play/bughouse/drop-test-final-1774406715645?role=b0 200 in 80ms (next.js: 11ms, application-code: 69ms)
 GET /play/bughouse/drop-test-final-1774406715645?role=w0 200 in 81ms (next.js: 3ms, application-code: 78ms)
 GET /play/bughouse/drop-test-final-1774406715645?role=w1 200 in 80ms (next.js: 27ms, application-code: 52ms)
 GET /play/bughouse/drop-test-final-1774406715645?role=b1 200 in 54ms (next.js: 15ms, application-code: 39ms)
✓ Compiled in 24ms
 GET /play/bughouse/drop-test-final-1774406812282?role=b0 200 in 78ms (next.js: 10ms, application-code: 68ms)
 GET /play/bughouse/drop-test-final-1774406812282?role=w0 200 in 79ms (next.js: 3ms, application-code: 76ms)
 GET /play/bughouse/drop-test-final-1774406812282?role=w1 200 in 51ms (next.js: 1804µs, application-code: 50ms)
 GET /play/bughouse/drop-test-final-1774406812282?role=b1 200 in 52ms (next.js: 9ms, application-code: 43ms)
 GET /play/bughouse/mate-test-1774406890664?role=w0 200 in 63ms (next.js: 2ms, application-code: 61ms)
 GET /play/bughouse/mate-test-1774406890664?role=b0 200 in 65ms (next.js: 18ms, application-code: 47ms)
 GET /play/bughouse/mate-test-1774406890664?role=b1 200 in 49ms (next.js: 14ms, application-code: 35ms)
 GET /play/bughouse/spec-test-1774406987357?role=w0 200 in 40ms (next.js: 1656µs, application-code: 38ms)
 GET /play/bughouse/spec-test-1774406987357?role=b0 200 in 40ms (next.js: 8ms, application-code: 32ms)
 GET /play/bughouse/spec-test-1774406987357?role=spectator 200 in 22ms (next.js: 2ms, application-code: 20ms)
 GET /play/bughouse/spec-test-1774406987357?role=w1 200 in 62ms (next.js: 3ms, application-code: 59ms)
  Reload env: .env.local
 GET /play/bughouse/test-bughouse?role=w0 200 in 150ms (next.js: 122ms, application-code: 27ms)
✓ Compiled in 146ms
